app/build/outputs/logs/manifest-merger-debug-report.txt
-- Merging decision tree log ---
manifest
ADDED from src\main\AndroidManifest.xml:2:1-209:12
	package
		ADDED from src\main\AndroidManifest.xml:4:5-44
		INJECTED from src\main\AndroidManifest.xml
		INJECTED from src\main\AndroidManifest.xml
	android:versionName
		INJECTED from src\main\AndroidManifest.xml
		INJECTED from src\main\AndroidManifest.xml
	xmlns:tools
		ADDED from src\main\AndroidManifest.xml:3:5-51
	xmlns:android
		ADDED from src\main\AndroidManifest.xml:2:11-69
	android:versionCode
		INJECTED from src\main\AndroidManifest.xml
		INJECTED from src\main\AndroidManifest.xml
uses-permission#android.permission.INTERNET
ADDED from src\main\AndroidManifest.xml:6:5-67
MERGED from [Demo:ugckit:unspecified] AndroidManifest.xml:11:5-67
MERGED from [:LiteAVSDK_Professional:] AndroidManifest.xml:12:5-67
MERGED from [com.tencent.qcloud:cosxml:5.4.20] AndroidManifest.xml:12:5-67
	android:name
		ADDED from src\main\AndroidManifest.xml:6:22-64
uses-permission#android.permission.ACCESS_NETWORK_STATE
ADDED from src\main\AndroidManifest.xml:7:5-79
MERGED from [Demo:ugckit:unspecified] AndroidManifest.xml:12:5-79
MERGED from [:LiteAVSDK_Professional:] AndroidManifest.xml:14:5-79
MERGED from [com.tencent.qcloud:cosxml:5.4.20] AndroidManifest.xml:11:5-79
	android:name
		ADDED from src\main\AndroidManifest.xml:7:22-76
uses-permission#android.permission.ACCESS_WIFI_STATE
ADDED from src\main\AndroidManifest.xml:8:5-76
MERGED from [Demo:ugckit:unspecified] AndroidManifest.xml:13:5-76
MERGED from [:LiteAVSDK_Professional:] AndroidManifest.xml:16:5-76
MERGED from [com.tencent.qcloud:cosxml:5.4.20] AndroidManifest.xml:15:5-76
	android:name
		ADDED from src\main\AndroidManifest.xml:8:22-73
uses-permission#android.permission.READ_PHONE_STATE
ADDED from src\main\AndroidManifest.xml:9:5-75
MERGED from [Demo:ugckit:unspecified] AndroidManifest.xml:14:5-75
	android:name
		ADDED from src\main\AndroidManifest.xml:9:22-72
uses-permission#android.permission.CALL_PHONE
ADDED from src\main\AndroidManifest.xml:10:5-69
MERGED from [Demo:ugckit:unspecified] AndroidManifest.xml:15:5-69
	android:name
		ADDED from src\main\AndroidManifest.xml:10:22-66
uses-permission#android.permission.WRITE_EXTERNAL_STORAGE
ADDED from src\main\AndroidManifest.xml:11:5-81
MERGED from [Demo:ugckit:unspecified] AndroidManifest.xml:16:5-81
MERGED from [:LiteAVSDK_Professional:] AndroidManifest.xml:18:5-81
MERGED from [com.tencent.qcloud:cosxml:5.4.20] AndroidManifest.xml:14:5-81
MERGED from [com.tencent.qcloud:logUtils:5.4.22] AndroidManifest.xml:12:5-81
	android:name
		ADDED from src\main\AndroidManifest.xml:11:22-78
uses-permission#android.permission.READ_EXTERNAL_STORAGE
ADDED from src\main\AndroidManifest.xml:12:5-80
MERGED from [Demo:ugckit:unspecified] AndroidManifest.xml:17:5-80
MERGED from [:LiteAVSDK_Professional:] AndroidManifest.xml:19:5-80
MERGED from [com.tencent.qcloud:cosxml:5.4.20] AndroidManifest.xml:13:5-80
MERGED from [com.tencent.qcloud:logUtils:5.4.22] AndroidManifest.xml:11:5-80
	android:name
		ADDED from src\main\AndroidManifest.xml:12:22-77
uses-permission#android.permission.RECORD_AUDIO
ADDED from src\main\AndroidManifest.xml:13:5-71
MERGED from [Demo:ugckit:unspecified] AndroidManifest.xml:20:5-71
MERGED from [:LiteAVSDK_Professional:] AndroidManifest.xml:23:5-71
	android:name
		ADDED from src\main\AndroidManifest.xml:13:22-68
uses-permission#android.permission.CAMERA
ADDED from src\main\AndroidManifest.xml:14:5-65
MERGED from [Demo:ugckit:unspecified] AndroidManifest.xml:21:5-65
MERGED from [:LiteAVSDK_Professional:] AndroidManifest.xml:21:5-65
	android:name
		ADDED from src\main\AndroidManifest.xml:14:22-62
uses-permission#android.permission.READ_CONTACTS
ADDED from src\main\AndroidManifest.xml:15:5-72
MERGED from [Demo:ugckit:unspecified] AndroidManifest.xml:22:5-72
	android:name
		ADDED from src\main\AndroidManifest.xml:15:22-69
uses-feature#android.hardware.camera
ADDED from src\main\AndroidManifest.xml:17:5-60
MERGED from [Demo:ugckit:unspecified] AndroidManifest.xml:24:5-60
	android:name
		ADDED from src\main\AndroidManifest.xml:17:19-57
uses-feature#android.hardware.camera.autofocus
ADDED from src\main\AndroidManifest.xml:18:5-70
MERGED from [Demo:ugckit:unspecified] AndroidManifest.xml:25:5-70
	android:name
		ADDED from src\main\AndroidManifest.xml:18:19-67
uses-permission#android.permission.ACCESS_COARSE_LOCATION
ADDED from src\main\AndroidManifest.xml:20:5-81
MERGED from [Demo:ugckit:unspecified] AndroidManifest.xml:27:5-81
	android:name
		ADDED from src\main\AndroidManifest.xml:20:22-78
uses-permission#android.permission.ACCESS_FINE_LOCATION
ADDED from src\main\AndroidManifest.xml:21:5-79
MERGED from [Demo:ugckit:unspecified] AndroidManifest.xml:28:5-79
	android:name
		ADDED from src\main\AndroidManifest.xml:21:22-76
uses-permission#android.permission.CHANGE_NETWORK_STATE
ADDED from src\main\AndroidManifest.xml:23:5-79
MERGED from [Demo:ugckit:unspecified] AndroidManifest.xml:30:5-79
	android:name
		ADDED from src\main\AndroidManifest.xml:23:22-76
uses-permission#android.permission.GET_TASKS
ADDED from src\main\AndroidManifest.xml:24:5-68
MERGED from [Demo:ugckit:unspecified] AndroidManifest.xml:31:5-68
	android:name
		ADDED from src\main\AndroidManifest.xml:24:22-65
uses-permission#android.permission.MODIFY_AUDIO_SETTINGS
ADDED from src\main\AndroidManifest.xml:25:5-80
MERGED from [Demo:ugckit:unspecified] AndroidManifest.xml:32:5-80
MERGED from [:LiteAVSDK_Professional:] AndroidManifest.xml:25:5-80
	android:name
		ADDED from src\main\AndroidManifest.xml:25:22-77
uses-permission#android.permission.RECEIVE_BOOT_COMPLETED
ADDED from src\main\AndroidManifest.xml:26:5-81
MERGED from [Demo:ugckit:unspecified] AndroidManifest.xml:33:5-81
	android:name
		ADDED from src\main\AndroidManifest.xml:26:22-78
uses-permission#android.permission.VIBRATE
ADDED from src\main\AndroidManifest.xml:27:5-66
MERGED from [Demo:ugckit:unspecified] AndroidManifest.xml:34:5-66
	android:name
		ADDED from src\main\AndroidManifest.xml:27:22-63
uses-permission#android.permission.WAKE_LOCK
ADDED from src\main\AndroidManifest.xml:28:5-68
MERGED from [Demo:ugckit:unspecified] AndroidManifest.xml:35:5-68
	android:name
		ADDED from src\main\AndroidManifest.xml:28:22-65
uses-permission#android.permission.SYSTEM_ALERT_WINDOW
ADDED from src\main\AndroidManifest.xml:29:5-78
MERGED from [Demo:ugckit:unspecified] AndroidManifest.xml:36:5-78
	android:name
		ADDED from src\main\AndroidManifest.xml:29:22-75
uses-permission#android.permission.GET_ACCOUNTS
ADDED from src\main\AndroidManifest.xml:30:5-71
MERGED from [Demo:ugckit:unspecified] AndroidManifest.xml:37:5-71
	android:name
		ADDED from src\main\AndroidManifest.xml:30:22-68
uses-permission#android.permission.USE_CREDENTIALS
ADDED from src\main\AndroidManifest.xml:31:5-74
MERGED from [Demo:ugckit:unspecified] AndroidManifest.xml:38:5-74
	android:name
		ADDED from src\main\AndroidManifest.xml:31:22-71
uses-permission#android.permission.MANAGE_ACCOUNTS
ADDED from src\main\AndroidManifest.xml:32:5-74
MERGED from [Demo:ugckit:unspecified] AndroidManifest.xml:39:5-74
	android:name
		ADDED from src\main\AndroidManifest.xml:32:22-71
uses-permission#android.permission.BLUETOOTH
ADDED from src\main\AndroidManifest.xml:33:5-68
MERGED from [Demo:ugckit:unspecified] AndroidManifest.xml:40:5-68
MERGED from [:LiteAVSDK_Professional:] AndroidManifest.xml:27:5-68
	android:name
		ADDED from src\main\AndroidManifest.xml:33:22-65
uses-permission#android.permission.READ_LOGS
ADDED from src\main\AndroidManifest.xml:36:5-68
	android:name
		ADDED from src\main\AndroidManifest.xml:36:22-65
application
ADDED from src\main\AndroidManifest.xml:37:5-207:19
MERGED from [Demo:ugckit:unspecified] AndroidManifest.xml:42:5-46:19
MERGED from [com.android.support:design:25.4.0] AndroidManifest.xml:25:5-29:19
MERGED from [com.android.support:transition:25.4.0] AndroidManifest.xml:22:5-26:19
MERGED from [:LiteAVSDK_Professional:] AndroidManifest.xml:29:5-33:19
MERGED from [de.hdodenhof:circleimageview:2.2.0] AndroidManifest.xml:9:5-20
MERGED from [com.tencent.qcloud:logUtils:5.4.22] AndroidManifest.xml:14:5-16:19
MERGED from [com.android.support:appcompat-v7:25.4.0] AndroidManifest.xml:25:5-29:19
MERGED from [com.android.support:support-v4:25.4.0] AndroidManifest.xml:25:5-29:19
MERGED from [com.android.support:support-fragment:25.4.0] AndroidManifest.xml:25:5-29:19
MERGED from [com.android.support:support-media-compat:25.4.0] AndroidManifest.xml:25:5-29:19
MERGED from [com.android.support:support-core-utils:25.4.0] AndroidManifest.xml:25:5-29:19
MERGED from [com.android.support:animated-vector-drawable:25.4.0] AndroidManifest.xml:22:5-26:19
MERGED from [com.android.support:support-vector-drawable:25.4.0] AndroidManifest.xml:22:5-26:19
MERGED from [com.android.support:recyclerview-v7:25.4.0] AndroidManifest.xml:22:5-26:19
MERGED from [com.android.support:support-core-ui:25.4.0] AndroidManifest.xml:25:5-29:19
MERGED from [com.android.support:support-compat:25.4.0] AndroidManifest.xml:25:5-29:19
	android:label
		ADDED from src\main\AndroidManifest.xml:41:9-41
	android:supportsRtl
		ADDED from [:LiteAVSDK_Professional:] AndroidManifest.xml:31:9-35
	tools:ignore
		ADDED from src\main\AndroidManifest.xml:44:9-48
	android:allowBackup
		ADDED from src\main\AndroidManifest.xml:39:9-35
	android:icon
		ADDED from src\main\AndroidManifest.xml:40:9-43
	android:largeHeap
		ADDED from src\main\AndroidManifest.xml:42:9-33
	android:theme
		ADDED from src\main\AndroidManifest.xml:43:9-40
	android:name
		ADDED from src\main\AndroidManifest.xml:38:9-67
	android:usesCleartextTraffic
		ADDED from [:LiteAVSDK_Professional:] AndroidManifest.xml:32:9-44
activity#com.tencent.qcloud.xiaoshipin.play.TCVideoPreviewActivity
ADDED from src\main\AndroidManifest.xml:46:9-54:20
	android:screenOrientation
		ADDED from src\main\AndroidManifest.xml:48:13-49
	android:name
		ADDED from src\main\AndroidManifest.xml:47:13-56
intent-filter#android.intent.action.MAIN+android.intent.category.DEFAULT+com.tencent.liteav.demo.videopreview
ADDED from src\main\AndroidManifest.xml:49:13-53:29
action#com.tencent.liteav.demo.videopreview
ADDED from src\main\AndroidManifest.xml:50:17-79
	android:name
		ADDED from src\main\AndroidManifest.xml:50:25-76
action#android.intent.action.MAIN
ADDED from src\main\AndroidManifest.xml:51:17-69
	android:name
		ADDED from src\main\AndroidManifest.xml:51:25-66
category#android.intent.category.DEFAULT
ADDED from src\main\AndroidManifest.xml:52:17-76
	android:name
		ADDED from src\main\AndroidManifest.xml:52:27-73
activity#com.tencent.qcloud.xiaoshipin.mainui.TCSplashActivity
ADDED from src\main\AndroidManifest.xml:56:9-65:20
	android:screenOrientation
		ADDED from src\main\AndroidManifest.xml:59:13-49
	android:launchMode
		ADDED from src\main\AndroidManifest.xml:58:13-43
	android:theme
		ADDED from src\main\AndroidManifest.xml:60:13-47
	android:name
		ADDED from src\main\AndroidManifest.xml:57:13-81
intent-filter#android.intent.action.MAIN+android.intent.category.LAUNCHER
ADDED from src\main\AndroidManifest.xml:61:13-64:29
category#android.intent.category.LAUNCHER
ADDED from src\main\AndroidManifest.xml:63:17-77
	android:name
		ADDED from src\main\AndroidManifest.xml:63:27-74
service#com.tencent.qalsdk.service.QalService
ADDED from src\main\AndroidManifest.xml:68:9-71:45
	android:process
		ADDED from src\main\AndroidManifest.xml:71:13-42
	android:exported
		ADDED from src\main\AndroidManifest.xml:70:13-37
	android:name
		ADDED from src\main\AndroidManifest.xml:69:13-65
service#com.tencent.qalsdk.service.QalAssistService
ADDED from src\main\AndroidManifest.xml:73:9-76:45
	android:process
		ADDED from src\main\AndroidManifest.xml:76:13-42
	android:exported
		ADDED from src\main\AndroidManifest.xml:75:13-37
	android:name
		ADDED from src\main\AndroidManifest.xml:74:13-71
receiver#com.tencent.qalsdk.QALBroadcastReceiver
ADDED from src\main\AndroidManifest.xml:78:9-84:20
	android:exported
		ADDED from src\main\AndroidManifest.xml:80:13-37
	android:name
		ADDED from src\main\AndroidManifest.xml:79:13-67
intent-filter#com.tencent.qalsdk.broadcast.qal
ADDED from src\main\AndroidManifest.xml:81:13-83:29
action#com.tencent.qalsdk.broadcast.qal
ADDED from src\main\AndroidManifest.xml:82:17-75
	android:name
		ADDED from src\main\AndroidManifest.xml:82:25-72
receiver#com.tencent.qalsdk.core.NetConnInfoCenter
ADDED from src\main\AndroidManifest.xml:86:9-101:20
	android:process
		ADDED from src\main\AndroidManifest.xml:88:13-42
	android:name
		ADDED from src\main\AndroidManifest.xml:87:13-69
intent-filter#android.intent.action.BOOT_COMPLETED
ADDED from src\main\AndroidManifest.xml:89:13-91:29
action#android.intent.action.BOOT_COMPLETED
ADDED from src\main\AndroidManifest.xml:90:17-79
	android:name
		ADDED from src\main\AndroidManifest.xml:90:25-76
intent-filter#android.net.conn.CONNECTIVITY_CHANGE
ADDED from src\main\AndroidManifest.xml:92:13-94:29
action#android.net.conn.CONNECTIVITY_CHANGE
ADDED from src\main\AndroidManifest.xml:93:17-79
	android:name
		ADDED from src\main\AndroidManifest.xml:93:25-76
intent-filter#android.intent.action.TIME_SET
ADDED from src\main\AndroidManifest.xml:95:13-97:29
action#android.intent.action.TIME_SET
ADDED from src\main\AndroidManifest.xml:96:17-73
	android:name
		ADDED from src\main\AndroidManifest.xml:96:25-70
intent-filter#android.intent.action.TIMEZONE_CHANGED
ADDED from src\main\AndroidManifest.xml:98:13-100:29
action#android.intent.action.TIMEZONE_CHANGED
ADDED from src\main\AndroidManifest.xml:99:17-81
	android:name
		ADDED from src\main\AndroidManifest.xml:99:25-78
activity#com.tencent.qcloud.xiaoshipin.login.TCLoginActivity
ADDED from src\main\AndroidManifest.xml:103:9-106:49
	android:screenOrientation
		ADDED from src\main\AndroidManifest.xml:105:13-49
	android:theme
		ADDED from src\main\AndroidManifest.xml:106:13-46
	android:name
		ADDED from src\main\AndroidManifest.xml:104:13-79
activity#com.tencent.qcloud.xiaoshipin.login.TCRegisterActivity
ADDED from src\main\AndroidManifest.xml:107:9-110:52
	android:screenOrientation
		ADDED from src\main\AndroidManifest.xml:109:13-49
	android:theme
		ADDED from src\main\AndroidManifest.xml:110:13-49
	android:name
		ADDED from src\main\AndroidManifest.xml:108:13-82
activity#com.tencent.qcloud.xiaoshipin.mainui.TCMainActivity
ADDED from src\main\AndroidManifest.xml:111:9-114:52
	android:screenOrientation
		ADDED from src\main\AndroidManifest.xml:114:13-49
	android:launchMode
		ADDED from src\main\AndroidManifest.xml:113:13-44
	android:name
		ADDED from src\main\AndroidManifest.xml:112:13-79
activity#com.tencent.qcloud.xiaoshipin.play.TCVodPlayerActivity
ADDED from src\main\AndroidManifest.xml:116:9-119:59
	android:screenOrientation
		ADDED from src\main\AndroidManifest.xml:118:13-49
	android:windowSoftInputMode
		ADDED from src\main\AndroidManifest.xml:119:13-56
	android:name
		ADDED from src\main\AndroidManifest.xml:117:13-82
activity#com.tencent.qcloud.xiaoshipin.videorecord.TCVideoRecordActivity
ADDED from src\main\AndroidManifest.xml:120:9-125:59
	android:screenOrientation
		ADDED from src\main\AndroidManifest.xml:123:13-49
	android:launchMode
		ADDED from src\main\AndroidManifest.xml:122:13-43
	android:windowSoftInputMode
		ADDED from src\main\AndroidManifest.xml:125:13-56
	android:theme
		ADDED from src\main\AndroidManifest.xml:124:13-55
	android:name
		ADDED from src\main\AndroidManifest.xml:121:13-91
activity#com.tencent.qcloud.xiaoshipin.videorecord.TCVideoFollowRecordActivity
ADDED from src\main\AndroidManifest.xml:126:9-131:59
	android:screenOrientation
		ADDED from src\main\AndroidManifest.xml:129:13-49
	android:launchMode
		ADDED from src\main\AndroidManifest.xml:128:13-43
	android:windowSoftInputMode
		ADDED from src\main\AndroidManifest.xml:131:13-56
	android:theme
		ADDED from src\main\AndroidManifest.xml:130:13-58
	android:name
		ADDED from src\main\AndroidManifest.xml:127:13-97
activity#com.tencent.qcloud.xiaoshipin.videorecord.TCVideoTripleScreenActivity
ADDED from src\main\AndroidManifest.xml:132:9-137:59
	android:screenOrientation
		ADDED from src\main\AndroidManifest.xml:135:13-49
	android:launchMode
		ADDED from src\main\AndroidManifest.xml:134:13-43
	android:windowSoftInputMode
		ADDED from src\main\AndroidManifest.xml:137:13-56
	android:theme
		ADDED from src\main\AndroidManifest.xml:136:13-58
	android:name
		ADDED from src\main\AndroidManifest.xml:133:13-97
activity#com.tencent.qcloud.xiaoshipin.videopublish.TCVideoPublisherActivity
ADDED from src\main\AndroidManifest.xml:138:9-141:59
	android:screenOrientation
		ADDED from src\main\AndroidManifest.xml:140:13-49
	android:windowSoftInputMode
		ADDED from src\main\AndroidManifest.xml:141:13-56
	android:name
		ADDED from src\main\AndroidManifest.xml:139:13-95
activity#com.tencent.rtmp.video.TXScreenCapture$TXScreenCaptureAssistantActivity
ADDED from src\main\AndroidManifest.xml:142:9-144:64
	android:theme
		ADDED from src\main\AndroidManifest.xml:144:13-61
	android:name
		ADDED from src\main\AndroidManifest.xml:143:13-99
activity#com.umeng.qq.tencent.AssistActivity
ADDED from src\main\AndroidManifest.xml:145:9-149:75
	android:screenOrientation
		ADDED from src\main\AndroidManifest.xml:148:13-49
	android:configChanges
		ADDED from src\main\AndroidManifest.xml:147:13-74
	android:theme
		ADDED from src\main\AndroidManifest.xml:149:13-72
	android:name
		ADDED from src\main\AndroidManifest.xml:146:13-63
activity#com.tencent.qcloud.xiaoshipin.videochoose.TCPicturePickerActivity
ADDED from src\main\AndroidManifest.xml:150:9-153:58
	android:screenOrientation
		ADDED from src\main\AndroidManifest.xml:152:13-49
	android:theme
		ADDED from src\main\AndroidManifest.xml:153:13-55
	android:name
		ADDED from src\main\AndroidManifest.xml:151:13-93
activity#com.tencent.qcloud.xiaoshipin.videochoose.TCTripleRecordVideoPickerActivity
ADDED from src\main\AndroidManifest.xml:154:9-157:58
	android:screenOrientation
		ADDED from src\main\AndroidManifest.xml:156:13-49
	android:theme
		ADDED from src\main\AndroidManifest.xml:157:13-55
	android:name
		ADDED from src\main\AndroidManifest.xml:155:13-103
activity#com.tencent.qcloud.xiaoshipin.videochoose.TCVideoPickerActivity
ADDED from src\main\AndroidManifest.xml:158:9-161:58
	android:screenOrientation
		ADDED from src\main\AndroidManifest.xml:160:13-49
	android:theme
		ADDED from src\main\AndroidManifest.xml:161:13-55
	android:name
		ADDED from src\main\AndroidManifest.xml:159:13-91
activity#com.tencent.qcloud.xiaoshipin.videojoiner.TCPictureJoinActivity
ADDED from src\main\AndroidManifest.xml:162:9-165:52
	android:screenOrientation
		ADDED from src\main\AndroidManifest.xml:165:13-49
	android:theme
		ADDED from src\main\AndroidManifest.xml:164:13-66
	android:name
		ADDED from src\main\AndroidManifest.xml:163:13-91
activity#com.tencent.qcloud.xiaoshipin.videoeditor.TCVideoCutActivity
ADDED from src\main\AndroidManifest.xml:166:9-169:58
	android:screenOrientation
		ADDED from src\main\AndroidManifest.xml:168:13-49
	android:theme
		ADDED from src\main\AndroidManifest.xml:169:13-55
	android:name
		ADDED from src\main\AndroidManifest.xml:167:13-88
activity#com.tencent.qcloud.xiaoshipin.videoeditor.TCVideoEditerActivity
ADDED from src\main\AndroidManifest.xml:170:9-174:58
	android:screenOrientation
		ADDED from src\main\AndroidManifest.xml:173:13-49
	android:launchMode
		ADDED from src\main\AndroidManifest.xml:172:13-44
	android:theme
		ADDED from src\main\AndroidManifest.xml:174:13-55
	android:name
		ADDED from src\main\AndroidManifest.xml:171:13-91
activity#com.tencent.qcloud.xiaoshipin.videoeditor.TCVideoEffectActivity
ADDED from src\main\AndroidManifest.xml:175:9-178:58
	android:screenOrientation
		ADDED from src\main\AndroidManifest.xml:177:13-49
	android:theme
		ADDED from src\main\AndroidManifest.xml:178:13-55
	android:name
		ADDED from src\main\AndroidManifest.xml:176:13-62
activity#com.tencent.qcloud.xiaoshipin.videojoiner.TCVideoJoinerActivity
ADDED from src\main\AndroidManifest.xml:179:9-182:75
	android:screenOrientation
		ADDED from src\main\AndroidManifest.xml:181:13-49
	android:theme
		ADDED from src\main\AndroidManifest.xml:182:13-72
	android:name
		ADDED from src\main\AndroidManifest.xml:180:13-91
activity#com.tencent.qcloud.xiaoshipin.userinfo.TCAboutActivity
ADDED from src\main\AndroidManifest.xml:183:9-91
	android:name
		ADDED from src\main\AndroidManifest.xml:183:19-88
provider#android.support.v4.content.FileProvider
ADDED from src\main\AndroidManifest.xml:185:9-193:20
	android:authorities
		ADDED from src\main\AndroidManifest.xml:187:13-77
	android:grantUriPermissions
		ADDED from src\main\AndroidManifest.xml:189:13-47
	android:exported
		ADDED from src\main\AndroidManifest.xml:188:13-37
	android:name
		ADDED from src\main\AndroidManifest.xml:186:13-67
meta-data#android.support.FILE_PROVIDER_PATHS
ADDED from src\main\AndroidManifest.xml:190:13-192:53
	android:resource
		ADDED from src\main\AndroidManifest.xml:192:17-50
	android:name
		ADDED from src\main\AndroidManifest.xml:191:17-67
uses-library#com.google.android.maps
ADDED from src\main\AndroidManifest.xml:195:9-197:40
	android:required
		ADDED from src\main\AndroidManifest.xml:197:13-37
	android:name
		ADDED from src\main\AndroidManifest.xml:196:13-51
uses-library#android.test.runner
ADDED from src\main\AndroidManifest.xml:198:9-60
	android:name
		ADDED from src\main\AndroidManifest.xml:198:23-57
activity#com.tencent.qcloud.xiaoshipin.mainui.TCSettingActivity
ADDED from src\main\AndroidManifest.xml:200:9-202:52
	android:screenOrientation
		ADDED from src\main\AndroidManifest.xml:202:13-49
	android:name
		ADDED from src\main\AndroidManifest.xml:201:13-82
activity#com.tencent.qcloud.xiaoshipin.mainui.TCLanguagaSettingActivity
ADDED from src\main\AndroidManifest.xml:204:9-206:52
	android:screenOrientation
		ADDED from src\main\AndroidManifest.xml:206:13-49
	android:name
		ADDED from src\main\AndroidManifest.xml:205:13-90
uses-sdk
INJECTED from src\main\AndroidManifest.xml reason: use-sdk injection requested
MERGED from [com.github.ctiao:dfm:0.4.4] AndroidManifest.xml:22:5-24:41
MERGED from [Demo:ugckit:unspecified] AndroidManifest.xml:7:5-9:41
MERGED from [com.android.support:design:25.4.0] AndroidManifest.xml:21:5-23:62
MERGED from [com.android.support:transition:25.4.0] AndroidManifest.xml:20:5-44
MERGED from [:LiteAVSDK_Professional:] AndroidManifest.xml:7:5-9:41
MERGED from [com.android.support:multidex:1.0.1] AndroidManifest.xml:18:5-42
MERGED from [de.hdodenhof:circleimageview:2.2.0] AndroidManifest.xml:5:5-7:41
MERGED from [com.github.castorflex.verticalviewpager:library:19.0.1] AndroidManifest.xml:3:5-72
MERGED from [com.tencent.bugly:crashreport:3.1.0] AndroidManifest.xml:5:5-7:41
MERGED from [com.tencent.bugly:nativecrashreport:3.7.0] AndroidManifest.xml:5:5-7:41
MERGED from [com.tencent.qcloud:cosxml:5.4.20] AndroidManifest.xml:7:5-9:41
MERGED from [com.tencent.qcloud:logUtils:5.4.22] AndroidManifest.xml:7:5-9:41
MERGED from [Demo:beauty:unspecified] AndroidManifest.xml:7:5-9:41
MERGED from [com.android.support:appcompat-v7:25.4.0] AndroidManifest.xml:21:5-23:78
MERGED from [com.android.support:support-v4:25.4.0] AndroidManifest.xml:21:5-23:54
MERGED from [com.android.support:support-fragment:25.4.0] AndroidManifest.xml:21:5-23:60
MERGED from [com.android.support:support-media-compat:25.4.0] AndroidManifest.xml:21:5-23:63
MERGED from [com.android.support:support-core-utils:25.4.0] AndroidManifest.xml:21:5-23:61
MERGED from [com.android.support:animated-vector-drawable:25.4.0] AndroidManifest.xml:20:5-44
MERGED from [com.android.support:support-vector-drawable:25.4.0] AndroidManifest.xml:20:5-43
MERGED from [com.android.support:recyclerview-v7:25.4.0] AndroidManifest.xml:20:5-43
MERGED from [com.android.support:support-core-ui:25.4.0] AndroidManifest.xml:21:5-23:58
MERGED from [com.android.support:support-compat:25.4.0] AndroidManifest.xml:21:5-23:58
	tools:overrideLibrary
		ADDED from [com.android.support:design:25.4.0] AndroidManifest.xml:23:9-59
	android:targetSdkVersion
		INJECTED from src\main\AndroidManifest.xml
		INJECTED from src\main\AndroidManifest.xml
	android:minSdkVersion
		INJECTED from src\main\AndroidManifest.xml
		INJECTED from src\main\AndroidManifest.xml
activity#com.tencent.qcloud.ugckit.module.effect.bgm.TCMusicActivity
ADDED from [Demo:ugckit:unspecified] AndroidManifest.xml:43:9-45:52
	android:screenOrientation
		ADDED from [Demo:ugckit:unspecified] AndroidManifest.xml:45:13-49
	android:name
		ADDED from [Demo:ugckit:unspecified] AndroidManifest.xml:44:13-87
meta-data#android.support.VERSION
ADDED from [com.android.support:design:25.4.0] AndroidManifest.xml:26:9-28:38
MERGED from [com.android.support:transition:25.4.0] AndroidManifest.xml:23:9-25:38
MERGED from [com.android.support:appcompat-v7:25.4.0] AndroidManifest.xml:26:9-28:38
MERGED from [com.android.support:support-v4:25.4.0] AndroidManifest.xml:26:9-28:38
MERGED from [com.android.support:support-fragment:25.4.0] AndroidManifest.xml:26:9-28:38
MERGED from [com.android.support:support-media-compat:25.4.0] AndroidManifest.xml:26:9-28:38
MERGED from [com.android.support:support-core-utils:25.4.0] AndroidManifest.xml:26:9-28:38
MERGED from [com.android.support:animated-vector-drawable:25.4.0] AndroidManifest.xml:23:9-25:38
MERGED from [com.android.support:support-vector-drawable:25.4.0] AndroidManifest.xml:23:9-25:38
MERGED from [com.android.support:recyclerview-v7:25.4.0] AndroidManifest.xml:23:9-25:38
MERGED from [com.android.support:support-core-ui:25.4.0] AndroidManifest.xml:26:9-28:38
MERGED from [com.android.support:support-compat:25.4.0] AndroidManifest.xml:26:9-28:38
	android:value
		ADDED from [com.android.support:design:25.4.0] AndroidManifest.xml:28:13-35
	android:name
		ADDED from [com.android.support:design:25.4.0] AndroidManifest.xml:27:13-51
activity#com.tencent.qcloud.logutils.LogActivity
ADDED from [com.tencent.qcloud:logUtils:5.4.22] AndroidManifest.xml:15:9-76
	android:name
		ADDED from [com.tencent.qcloud:logUtils:5.4.22] AndroidManifest.xml:15:19-73